app/build111/intermediates/manifest_merge_blame_file/debug/manifest-merger-blame-debug-report.txt
1<?xml version="1.0" encoding="utf-8"?>
2<manifest xmlns:android="http://schemas.android.com/apk/res/android"
3    package="com.boyueapp.privatechat"
4    android:versionCode="1"
5    android:versionName="1.0" >
6
7    <uses-sdk
8        android:minSdkVersion="23"
8-->src\main\AndroidManifest.xml
9        android:targetSdkVersion="32" />
9-->src\main\AndroidManifest.xml
10
11    <uses-permission android:name="android.permission.INTERNET" />
11-->src\main\AndroidManifest.xml:6:5-67
11-->src\main\AndroidManifest.xml:6:22-64
12    <uses-permission android:name="android.permission.ACCESS_NETWORK_STATE" />
12-->src\main\AndroidManifest.xml:7:5-79
12-->src\main\AndroidManifest.xml:7:22-76
13    <uses-permission android:name="android.permission.WAKE_LOCK" />
13-->src\main\AndroidManifest.xml:8:5-67
13-->src\main\AndroidManifest.xml:8:22-65
14    <uses-permission android:name="android.permission.FOREGROUND_SERVICE" />
14-->src\main\AndroidManifest.xml:9:5-76
14-->src\main\AndroidManifest.xml:9:22-74
15
16    <application
16-->src\main\AndroidManifest.xml:11:5-52:19
17        android:name="com.boyueapp.privatechat.MyApplication"
17-->src\main\AndroidManifest.xml:12:9-38
18        android:allowBackup="true"
18-->src\main\AndroidManifest.xml:13:9-35
19        android:appComponentFactory="androidx.core.app.CoreComponentFactory"
19-->[androidx.core:core:1.5.0] AndroidManifest.xml:24:18-86
20        android:dataExtractionRules="@xml/data_extraction_rules"
20-->src\main\AndroidManifest.xml:14:9-65
21        android:debuggable="true"
22        android:extractNativeLibs="false"
23        android:fullBackupContent="@xml/backup_rules"
23-->src\main\AndroidManifest.xml:15:9-54
24        android:icon="@drawable/ic_front"
24-->src\main\AndroidManifest.xml:16:9-42
25        android:label="@string/app_name"
25-->src\main\AndroidManifest.xml:17:9-41
26        android:roundIcon="@drawable/ic_front"
26-->src\main\AndroidManifest.xml:18:9-47
27        android:supportsRtl="true"
27-->src\main\AndroidManifest.xml:19:9-35
28        android:theme="@style/Theme.TcpClient" >
28-->src\main\AndroidManifest.xml:20:9-47
29        <service
29-->src\main\AndroidManifest.xml:22:9-26:19
30            android:name="com.boyueapp.privatechat.ClientAlive"
30-->src\main\AndroidManifest.xml:23:13-40
31            android:enabled="true" >
31-->src\main\AndroidManifest.xml:24:13-35
32        </service>
33
34        <activity
34-->src\main\AndroidManifest.xml:27:9-31:66
35            android:name="com.boyueapp.privatechat.RegisterActivity"
35-->src\main\AndroidManifest.xml:28:13-45
36            android:exported="false"
36-->src\main\AndroidManifest.xml:29:13-37
37            android:label="@string/title_activity_register"
37-->src\main\AndroidManifest.xml:30:13-60
38            android:theme="@style/Theme.TcpClient.NoActionBar" />
38-->src\main\AndroidManifest.xml:31:13-63
39        <activity
39-->src\main\AndroidManifest.xml:32:9-36:66
40            android:name="com.boyueapp.privatechat.MultiUserChatActivity"
40-->src\main\AndroidManifest.xml:33:13-50
41            android:exported="false"
41-->src\main\AndroidManifest.xml:34:13-37
42            android:label="@string/title_activity_multi_user_chat"
42-->src\main\AndroidManifest.xml:35:13-67
43            android:theme="@style/Theme.TcpClient.NoActionBar" />
43-->src\main\AndroidManifest.xml:36:13-63
44        <activity
44-->src\main\AndroidManifest.xml:37:9-47:20
45            android:name="com.boyueapp.privatechat.LoginActivity"
45-->src\main\AndroidManifest.xml:38:13-42
46            android:exported="true"
46-->src\main\AndroidManifest.xml:39:13-36
47            android:label="@string/title_activity_login"
47-->src\main\AndroidManifest.xml:40:13-57
48            android:theme="@style/Theme.TcpClient.NoActionBar" >
48-->src\main\AndroidManifest.xml:41:13-63
49            <intent-filter>
49-->src\main\AndroidManifest.xml:42:13-46:29
50                <action android:name="android.intent.action.MAIN" />
50-->src\main\AndroidManifest.xml:43:17-69
50-->src\main\AndroidManifest.xml:43:25-66
51
52                <category android:name="android.intent.category.LAUNCHER" />
52-->src\main\AndroidManifest.xml:45:17-77
52-->src\main\AndroidManifest.xml:45:27-74
53            </intent-filter>
54        </activity>
55        <activity
55-->src\main\AndroidManifest.xml:48:9-51:48
56            android:name="com.boyueapp.privatechat.MainActivity"
56-->src\main\AndroidManifest.xml:49:13-41
57            android:exported="true"
57-->src\main\AndroidManifest.xml:50:13-36
58            android:label="@string/app_name" />
58-->src\main\AndroidManifest.xml:51:13-45
59    </application>
60
61</manifest>